# JRE version: OpenJDK Runtime Environment (8.0_111-b14) (build 1.8.0_111-8u111-b14-2~bpo8+1-b14)
# Java VM: OpenJDK 64-Bit Server VM (25.111-b14 mixed mode linux-amd64 compressed oops)
Heap:
 PSYoungGen      total 66048K, used 4602K [0x00000000d8d80000, 0x00000000dd280000, 0x0000000100000000)
  eden space 61440K, 0% used [0x00000000d8d80000,0x00000000d8d80000,0x00000000dc980000)
  from space 4608K, 99% used [0x00000000dc980000,0x00000000dcdfe8c0,0x00000000dce00000)
  to   space 4608K, 0% used [0x00000000dce00000,0x00000000dce00000,0x00000000dd280000)
 ParOldGen       total 80896K, used 81K [0x000000008a800000, 0x000000008f700000, 0x00000000d8d80000)
  object space 80896K, 0% used [0x000000008a800000,0x000000008a8145d0,0x000000008f700000)
 Metaspace       used 9600K, capacity 9800K, committed 9856K, reserved 1058816K
  class space    used 1054K, capacity 1116K, committed 1152K, reserved 1048576K
GC Heap History (5 events):
Event: 1.548 GC heap before
{Heap before GC invocations=1 (full 0):
 PSYoungGen      total 35328K, used 30720K [0x00000000d8d80000, 0x00000000db480000, 0x0000000100000000)
  eden space 30720K, 100% used [0x00000000d8d80000,0x00000000dab80000,0x00000000dab80000)
  from space 4608K, 0% used [0x00000000db000000,0x00000000db000000,0x00000000db480000)
  to   space 4608K, 0% used [0x00000000dab80000,0x00000000dab80000,0x00000000db000000)
 ParOldGen       total 80896K, used 0K [0x000000008a800000, 0x000000008f700000, 0x00000000d8d80000)
  object space 80896K, 0% used [0x000000008a800000,0x000000008a800000,0x000000008f700000)
 Metaspace       used 4939K, capacity 5228K, committed 5504K, reserved 1056768K
  class space    used 534K, capacity 600K, committed 640K, reserved 1048576K
Event: 1.572 GC heap after
Heap after GC invocations=1 (full 0):
 PSYoungGen      total 35328K, used 1926K [0x00000000d8d80000, 0x00000000dd280000, 0x0000000100000000)
  eden space 30720K, 0% used [0x00000000d8d80000,0x00000000d8d80000,0x00000000dab80000)
  from space 4608K, 41% used [0x00000000dab80000,0x00000000dad61970,0x00000000db000000)
  to   space 4608K, 0% used [0x00000000dce00000,0x00000000dce00000,0x00000000dd280000)
 ParOldGen       total 80896K, used 8K [0x000000008a800000, 0x000000008f700000, 0x00000000d8d80000)
  object space 80896K, 0% used [0x000000008a800000,0x000000008a802000,0x000000008f700000)
 Metaspace       used 4939K, capacity 5228K, committed 5504K, reserved 1056768K
  class space    used 534K, capacity 600K, committed 640K, reserved 1048576K
}
Event: 2.278 GC heap before
{Heap before GC invocations=2 (full 0):
 PSYoungGen      total 35328K, used 32646K [0x00000000d8d80000, 0x00000000dd280000, 0x0000000100000000)
  eden space 30720K, 100% used [0x00000000d8d80000,0x00000000dab80000,0x00000000dab80000)
  from space 4608K, 41% used [0x00000000dab80000,0x00000000dad61970,0x00000000db000000)
  to   space 4608K, 0% used [0x00000000dce00000,0x00000000dce00000,0x00000000dd280000)
 ParOldGen       total 80896K, used 8K [0x000000008a800000, 0x000000008f700000, 0x00000000d8d80000)
  object space 80896K, 0% used [0x000000008a800000,0x000000008a802000,0x000000008f700000)
 Metaspace       used 6722K, capacity 6850K, committed 7040K, reserved 1056768K
  class space    used 752K, capacity 795K, committed 896K, reserved 1048576K
Event: 2.284 GC heap after
Heap after GC invocations=2 (full 0):
 PSYoungGen      total 66048K, used 2611K [0x00000000d8d80000, 0x00000000dd280000, 0x0000000100000000)
  eden space 61440K, 0% used [0x00000000d8d80000,0x00000000d8d80000,0x00000000dc980000)
  from space 4608K, 56% used [0x00000000dce00000,0x00000000dd08cc70,0x00000000dd280000)
  to   space 4608K, 0% used [0x00000000dc980000,0x00000000dc980000,0x00000000dce00000)
 ParOldGen       total 80896K, used 16K [0x000000008a800000, 0x000000008f700000, 0x00000000d8d80000)
  object space 80896K, 0% used [0x000000008a800000,0x000000008a804000,0x000000008f700000)
 Metaspace       used 6722K, capacity 6850K, committed 7040K, reserved 1056768K
  class space    used 752K, capacity 795K, committed 896K, reserved 1048576K
}
Event: 3.094 GC heap before
{Heap before GC invocations=3 (full 0):
 PSYoungGen      total 66048K, used 64051K [0x00000000d8d80000, 0x00000000dd280000, 0x0000000100000000)
  eden space 61440K, 100% used [0x00000000d8d80000,0x00000000dc980000,0x00000000dc980000)
  from space 4608K, 56% used [0x00000000dce00000,0x00000000dd08cc70,0x00000000dd280000)
  to   space 4608K, 0% used [0x00000000dc980000,0x00000000dc980000,0x00000000dce00000)
 ParOldGen       total 80896K, used 16K [0x000000008a800000, 0x000000008f700000, 0x00000000d8d80000)
  object space 80896K, 0% used [0x000000008a800000,0x000000008a804000,0x000000008f700000)
 Metaspace       used 9600K, capacity 9800K, committed 9856K, reserved 1058816K
  class space    used 1054K, capacity 1116K, committed 1152K, reserved 1048576K

